# JRE version: Java(TM) SE Runtime Environment (8.0_202-b08) (build 1.8.0_202-b08)
# Java VM: Java HotSpot(TM) 64-Bit Server VM (25.202-b08 mixed mode bsd-amd64 compressed oops)
Heap:
 garbage-first heap   total 294912K, used 156167K [0x0000000740000000, 0x0000000742000048, 0x00000007c0000000)
  region size 32768K, 2 young (65536K), 1 survivors (32768K)
 Metaspace       used 224815K, capacity 246060K, committed 246644K, reserved 1261568K
  class space    used 30400K, capacity 34378K, committed 34676K, reserved 1048576K
GC Heap History (10 events):
Event: 58.473 GC heap before
{Heap before GC invocations=137 (full 0):
 garbage-first heap   total 294912K, used 186239K [0x0000000740000000, 0x0000000742000048, 0x00000007c0000000)
  region size 32768K, 2 young (65536K), 1 survivors (32768K)
 Metaspace       used 223246K, capacity 243822K, committed 245492K, reserved 1259520K
  class space    used 30256K, capacity 34107K, committed 34548K, reserved 1048576K
Event: 58.481 GC heap after
Heap after GC invocations=138 (full 0):
 garbage-first heap   total 294912K, used 151944K [0x0000000740000000, 0x0000000742000048, 0x00000007c0000000)
  region size 32768K, 1 young (32768K), 1 survivors (32768K)
 Metaspace       used 223246K, capacity 243822K, committed 245492K, reserved 1259520K
  class space    used 30256K, capacity 34107K, committed 34548K, reserved 1048576K
}
Event: 58.911 GC heap before
{Heap before GC invocations=139 (full 0):
 garbage-first heap   total 294912K, used 184712K [0x0000000740000000, 0x0000000742000048, 0x00000007c0000000)
  region size 32768K, 2 young (65536K), 1 survivors (32768K)
 Metaspace       used 223187K, capacity 243728K, committed 245492K, reserved 1259520K
  class space    used 30212K, capacity 34026K, committed 34548K, reserved 1048576K
Event: 58.917 GC heap after
Heap after GC invocations=140 (full 0):
 garbage-first heap   total 294912K, used 153154K [0x0000000740000000, 0x0000000742000048, 0x00000007c0000000)
  region size 32768K, 1 young (32768K), 1 survivors (32768K)
 Metaspace       used 223187K, capacity 243728K, committed 245492K, reserved 1259520K
  class space    used 30212K, capacity 34026K, committed 34548K, reserved 1048576K
}
Event: 59.584 GC heap before
{Heap before GC invocations=140 (full 0):
 garbage-first heap   total 294912K, used 185922K [0x0000000740000000, 0x0000000742000048, 0x00000007c0000000)
  region size 32768K, 2 young (65536K), 1 survivors (32768K)
 Metaspace       used 223425K, capacity 244158K, committed 245748K, reserved 1261568K
  class space    used 30246K, capacity 34087K, committed 34548K, reserved 1048576K
Event: 59.589 GC heap after
Heap after GC invocations=141 (full 0):
 garbage-first heap   total 294912K, used 152080K [0x0000000740000000, 0x0000000742000048, 0x00000007c0000000)
  region size 32768K, 1 young (32768K), 1 survivors (32768K)
 Metaspace       used 223425K, capacity 244158K, committed 245748K, reserved 1261568K
  class space    used 30246K, capacity 34087K, committed 34548K, reserved 1048576K
}
Event: 61.198 GC heap before
{Heap before GC invocations=141 (full 0):
 garbage-first heap   total 294912K, used 184848K [0x0000000740000000, 0x0000000742000048, 0x00000007c0000000)
  region size 32768K, 2 young (65536K), 1 survivors (32768K)
 Metaspace       used 224123K, capacity 245260K, committed 246004K, reserved 1261568K
  class space    used 30374K, capacity 34320K, committed 34548K, reserved 1048576K
Event: 61.206 GC heap after
Heap after GC invocations=142 (full 0):
 garbage-first heap   total 294912K, used 154663K [0x0000000740000000, 0x0000000742000048, 0x00000007c0000000)
  region size 32768K, 1 young (32768K), 1 survivors (32768K)
 Metaspace       used 224123K, capacity 245260K, committed 246004K, reserved 1261568K
  class space    used 30374K, capacity 34320K, committed 34548K, reserved 1048576K
}
Event: 120.915 GC heap before
{Heap before GC invocations=143 (full 0):
 garbage-first heap   total 294912K, used 187431K [0x0000000740000000, 0x0000000742000048, 0x00000007c0000000)
  region size 32768K, 2 young (65536K), 1 survivors (32768K)
 Metaspace       used 224461K, capacity 245668K, committed 246388K, reserved 1261568K
  class space    used 30388K, capacity 34360K, committed 34676K, reserved 1048576K
Event: 120.929 GC heap after
Heap after GC invocations=144 (full 0):
 garbage-first heap   total 294912K, used 156167K [0x0000000740000000, 0x0000000742000048, 0x00000007c0000000)
  region size 32768K, 1 young (32768K), 1 survivors (32768K)
 Metaspace       used 224461K, capacity 245668K, committed 246388K, reserved 1261568K
  class space    used 30388K, capacity 34360K, committed 34676K, reserved 1048576K
}

